\BOOKMARK [0][]{cover.0}{\376\377\134\001\227\142}{}% 1
\BOOKMARK [0][]{bookname.0}{\376\377\116\146\124\015\230\165}{}% 2
\BOOKMARK [0][]{chapter*.1}{\376\377\122\115\212\000}{}% 3
\BOOKMARK [0][]{toc.0}{\376\377\166\356\137\125\230\165}{}% 4
\BOOKMARK [-1][]{part.1}{\376\377\173\054\116\000\220\350\122\006\000\040\225\356\230\230}{}% 5
\BOOKMARK [0][]{chapter.1.1}{\376\377\173\054\0001\172\340\000\040\000\040\133\236\122\006\147\220}{part.1}% 6
\BOOKMARK [1][-]{section.1.1.1}{\376\377\0001\000.\0001\000\040\127\372\170\100\137\256\171\357\122\006}{chapter.1.1}% 7
\BOOKMARK [1][-]{section.1.1.2}{\376\377\0001\000.\0002\000\040\147\201\226\120\116\016\217\336\176\355}{chapter.1.1}% 8
\BOOKMARK [1][-]{section.1.1.3}{\376\377\0001\000.\0003\000\040\145\160\122\027\060\001\176\247\145\160\116\016\145\340\172\167\116\130\171\357}{chapter.1.1}% 9
\BOOKMARK [1][-]{section.1.1.4}{\376\377\0001\000.\0004\000\040\137\256\122\006\133\146}{chapter.1.1}% 10
\BOOKMARK [1][-]{section.1.1.5}{\376\377\0001\000.\0005\000\040\171\357\122\006\133\146}{chapter.1.1}% 11
\BOOKMARK [1][-]{section.1.1.6}{\376\377\0001\000.\0006\000\040\121\375\145\160\122\027}{chapter.1.1}% 12
\BOOKMARK [1][-]{section.1.1.7}{\376\377\0001\000.\0007\000\040\000F\000o\000u\000r\000i\000e\000r\176\247\145\160}{chapter.1.1}% 13
\BOOKMARK [1][-]{section.1.1.8}{\376\377\0001\000.\0008\000\040\121\370\121\375\145\160}{chapter.1.1}% 14
\BOOKMARK [0][]{chapter.1.2}{\376\377\173\054\0002\172\340\000\040\000\040\131\032\121\103\137\256\122\006\133\146}{part.1}% 15
\BOOKMARK [1][-]{section.1.2.1}{\376\377\0002\000.\0001\000\040\147\201\226\120\116\016\217\336\176\355}{chapter.1.2}% 16
\BOOKMARK [-1][]{part.2}{\376\377\173\054\116\214\220\350\122\006\000\040\173\124\150\110}{}% 17
\BOOKMARK [0][]{chapter.2.1}{\376\377\173\054\0001\172\340\000\040\000\040\133\236\122\006\147\220}{part.2}% 18
\BOOKMARK [1][-]{section.2.1.1}{\376\377\0001\000.\0001\000\040\127\372\170\100\137\256\171\357\122\006}{chapter.2.1}% 19
\BOOKMARK [1][-]{section.2.1.2}{\376\377\0001\000.\0002\000\040\147\201\226\120\116\016\217\336\176\355}{chapter.2.1}% 20
\BOOKMARK [1][-]{section.2.1.3}{\376\377\0001\000.\0003\000\040\145\160\122\027\060\001\176\247\145\160\116\016\145\340\172\167\116\130\171\357}{chapter.2.1}% 21
\BOOKMARK [1][-]{section.2.1.4}{\376\377\0001\000.\0004\000\040\137\256\122\006\133\146}{chapter.2.1}% 22
\BOOKMARK [1][-]{section.2.1.5}{\376\377\0001\000.\0005\000\040\171\357\122\006\133\146}{chapter.2.1}% 23
\BOOKMARK [1][-]{section.2.1.6}{\376\377\0001\000.\0006\000\040\121\375\145\160\122\027}{chapter.2.1}% 24
